[INFO][CRON] 2019-01-13 12:17:50  wxxHNMaPcU$9QobY   <under tracing> 
[INFO][CRON] 2019-01-13 12:17:55  4glgk4*vUYFtvOeb   <under tracing> 
[INFO][CRON] 2019-01-13 12:18:00  QWZbbRHbB&E$3#3l   <under tracing> 
[INFO][CRON] 2019-01-13 12:18:05  Ow1YzR9nPYRqmYDF   <under tracing> 
[INFO][CRON] 2019-01-13 12:18:10  UWmmor9wJ#lhjjWu   <under tracing> 
[INFO][CRON] 2019-01-13 12:18:15  6v7KNvFIRdmufivJ   <under tracing> 
[INFO][CRON] 2019-01-13 12:19:50  qZ4$G!DfWYGb!Bl#   <under tracing> 
[INFO][CRON] 2019-01-13 12:19:55  4z6Kqw%#sQfjtnyV   <under tracing> 
[INFO][CRON] 2019-01-13 12:20:00  5XaTtzyh9Kh7WalY   <under tracing> 
[INFO][CRON] 2019-01-13 12:20:05  6*@*dq&5fwGha$eL   <under tracing> 
[INFO][CRON] 2019-01-13 12:20:10  BGdwHeSAkRfi18ub   <under tracing> 
[INFO][CRON] 2019-01-13 12:20:15  2I26Si7iTy9&m@7q   <under tracing> 
[INFO][CRON] 2019-01-13 12:20:20  nlECrErB9GsI96*m   <under tracing> 
[INFO][CRON] 2019-01-13 12:20:25  VFP811%DX*KegQQz   <under tracing> 
[INFO][CRON] 2019-01-13 12:20:30  0qWYk#ClJKxC1*Kx   <under tracing> 
[INFO][CRON] 2019-01-13 12:20:35  P4Eh$IXKfaf7hLBN   <under tracing> 
[INFO][CRON] 2019-01-13 12:20:40  0Ud1gev4I%x5J8qj   <under tracing> 
[INFO][CRON] 2019-01-13 12:20:45  cewh282GATZYPPA5   <under tracing> 
[INFO][CRON] 2019-01-13 12:20:50  QySu4X@&WIumiw#L   <under tracing> 
[INFO][CRON] 2019-01-13 12:20:55  ndNQUbL&OVP%5uBc   <under tracing> 
[INFO][CRON] 2019-01-13 12:21:00  JrDKK@TdHXKGwQ4O   <under tracing> 
[INFO][CRON] 2019-01-13 12:21:05  1qOMRQa#q*N1NppE   <under tracing> 
[INFO][CRON] 2019-01-13 12:21:10  hGPWw%$X728L8#4B   <under tracing> 
[INFO][CRON] 2019-01-13 12:21:15  HhfNi$i0%N%L$EGL   <under tracing> 
[INFO][CRON] 2019-01-13 12:21:20  Jtc7!r5RiRF9y1Qb   <under tracing> 
[INFO][CRON] 2019-01-13 12:21:25  xW27kp%LlYF39V$G   <under tracing> 
[INFO][CRON] 2019-01-13 12:21:30  xTCd1gR!o7KsY%wM   <under tracing> 
[INFO][CRON] 2019-01-13 12:21:35  nWNimuW$$nBMJ%w1   <under tracing> 
[INFO][CRON] 2019-01-13 12:21:40  YBQwMs7rkbGS56OU   <under tracing> 
[INFO][CRON] 2019-01-13 12:21:45  SVRfEdP51cuifMRD   <under tracing> 
[INFO][CRON] 2019-01-13 12:21:50  *r9V&Q%DBnX$lPxO   <under tracing> 
